Determining if the Q_WS_WIN exist failed with the following output:
Change Dir: /home/ms/NetBeansProjects/grive/CMakeFiles/CMakeTmp

Run Build Command:"/usr/bin/make" "cmTryCompileExec2407211456/fast"
/usr/bin/make -f CMakeFiles/cmTryCompileExec2407211456.dir/build.make CMakeFiles/cmTryCompileExec2407211456.dir/build
make[1]: вход в каталог «/home/ms/NetBeansProjects/grive/CMakeFiles/CMakeTmp»
/usr/bin/cmake -E cmake_progress_report /home/ms/NetBeansProjects/grive/CMakeFiles/CMakeTmp/CMakeFiles 1
Building CXX object CMakeFiles/cmTryCompileExec2407211456.dir/CheckSymbolExists.cxx.o
/usr/bin/g++    -I/usr/include/qt4    -o CMakeFiles/cmTryCompileExec2407211456.dir/CheckSymbolExists.cxx.o -c /home/ms/NetBeansProjects/grive/CMakeFiles/CMakeTmp/CheckSymbolExists.cxx
/home/ms/NetBeansProjects/grive/CMakeFiles/CMakeTmp/CheckSymbolExists.cxx: В функции «int main(int, char**)»:
/home/ms/NetBeansProjects/grive/CMakeFiles/CMakeTmp/CheckSymbolExists.cxx:8:19: ошибка: нет декларации «Q_WS_WIN» в этой области видимости
   return ((int*)(&Q_WS_WIN))[argc];
                   ^
CMakeFiles/cmTryCompileExec2407211456.dir/build.make:57: ошибка выполнения рецепта для цели «CMakeFiles/cmTryCompileExec2407211456.dir/CheckSymbolExists.cxx.o»
make[1]: выход из каталога «/home/ms/NetBeansProjects/grive/CMakeFiles/CMakeTmp»
make[1]: *** [CMakeFiles/cmTryCompileExec2407211456.dir/CheckSymbolExists.cxx.o] Ошибка 1
Makefile:118: ошибка выполнения рецепта для цели «cmTryCompileExec2407211456/fast»
make: *** [cmTryCompileExec2407211456/fast] Ошибка 2

File /home/ms/NetBeansProjects/grive/CMakeFiles/CMakeTmp/CheckSymbolExists.cxx:
/* */
#include <QtCore/qglobal.h>

int main(int argc, char** argv)
{
  (void)argv;
#ifndef Q_WS_WIN
  return ((int*)(&Q_WS_WIN))[argc];
#else
  (void)argc;
  return 0;
#endif
}

Determining if the Q_WS_QWS exist failed with the following output:
Change Dir: /home/ms/NetBeansProjects/grive/CMakeFiles/CMakeTmp

Run Build Command:"/usr/bin/make" "cmTryCompileExec1565823647/fast"
/usr/bin/make -f CMakeFiles/cmTryCompileExec1565823647.dir/build.make CMakeFiles/cmTryCompileExec1565823647.dir/build
make[1]: вход в каталог «/home/ms/NetBeansProjects/grive/CMakeFiles/CMakeTmp»
/usr/bin/cmake -E cmake_progress_report /home/ms/NetBeansProjects/grive/CMakeFiles/CMakeTmp/CMakeFiles 1
Building CXX object CMakeFiles/cmTryCompileExec1565823647.dir/CheckSymbolExists.cxx.o
/usr/bin/g++    -I/usr/include/qt4    -o CMakeFiles/cmTryCompileExec1565823647.dir/CheckSymbolExists.cxx.o -c /home/ms/NetBeansProjects/grive/CMakeFiles/CMakeTmp/CheckSymbolExists.cxx
/home/ms/NetBeansProjects/grive/CMakeFiles/CMakeTmp/CheckSymbolExists.cxx: В функции «int main(int, char**)»:
/home/ms/NetBeansProjects/grive/CMakeFiles/CMakeTmp/CheckSymbolExists.cxx:8:19: ошибка: нет декларации «Q_WS_QWS» в этой области видимости
   return ((int*)(&Q_WS_QWS))[argc];
                   ^
CMakeFiles/cmTryCompileExec1565823647.dir/build.make:57: ошибка выполнения рецепта для цели «CMakeFiles/cmTryCompileExec1565823647.dir/CheckSymbolExists.cxx.o»
make[1]: выход из каталога «/home/ms/NetBeansProjects/grive/CMakeFiles/CMakeTmp»
make[1]: *** [CMakeFiles/cmTryCompileExec1565823647.dir/CheckSymbolExists.cxx.o] Ошибка 1
Makefile:118: ошибка выполнения рецепта для цели «cmTryCompileExec1565823647/fast»
make: *** [cmTryCompileExec1565823647/fast] Ошибка 2

File /home/ms/NetBeansProjects/grive/CMakeFiles/CMakeTmp/CheckSymbolExists.cxx:
/* */
#include <QtCore/qglobal.h>

int main(int argc, char** argv)
{
  (void)argv;
#ifndef Q_WS_QWS
  return ((int*)(&Q_WS_QWS))[argc];
#else
  (void)argc;
  return 0;
#endif
}

Determining if the Q_WS_MAC exist failed with the following output:
Change Dir: /home/ms/NetBeansProjects/grive/CMakeFiles/CMakeTmp

Run Build Command:"/usr/bin/make" "cmTryCompileExec3697929194/fast"
/usr/bin/make -f CMakeFiles/cmTryCompileExec3697929194.dir/build.make CMakeFiles/cmTryCompileExec3697929194.dir/build
make[1]: вход в каталог «/home/ms/NetBeansProjects/grive/CMakeFiles/CMakeTmp»
/usr/bin/cmake -E cmake_progress_report /home/ms/NetBeansProjects/grive/CMakeFiles/CMakeTmp/CMakeFiles 1
Building CXX object CMakeFiles/cmTryCompileExec3697929194.dir/CheckSymbolExists.cxx.o
/usr/bin/g++    -I/usr/include/qt4    -o CMakeFiles/cmTryCompileExec3697929194.dir/CheckSymbolExists.cxx.o -c /home/ms/NetBeansProjects/grive/CMakeFiles/CMakeTmp/CheckSymbolExists.cxx
/home/ms/NetBeansProjects/grive/CMakeFiles/CMakeTmp/CheckSymbolExists.cxx: В функции «int main(int, char**)»:
/home/ms/NetBeansProjects/grive/CMakeFiles/CMakeTmp/CheckSymbolExists.cxx:8:19: ошибка: нет декларации «Q_WS_MAC» в этой области видимости
   return ((int*)(&Q_WS_MAC))[argc];
                   ^
CMakeFiles/cmTryCompileExec3697929194.dir/build.make:57: ошибка выполнения рецепта для цели «CMakeFiles/cmTryCompileExec3697929194.dir/CheckSymbolExists.cxx.o»
make[1]: выход из каталога «/home/ms/NetBeansProjects/grive/CMakeFiles/CMakeTmp»
make[1]: *** [CMakeFiles/cmTryCompileExec3697929194.dir/CheckSymbolExists.cxx.o] Ошибка 1
Makefile:118: ошибка выполнения рецепта для цели «cmTryCompileExec3697929194/fast»
make: *** [cmTryCompileExec3697929194/fast] Ошибка 2

File /home/ms/NetBeansProjects/grive/CMakeFiles/CMakeTmp/CheckSymbolExists.cxx:
/* */
#include <QtCore/qglobal.h>

int main(int argc, char** argv)
{
  (void)argv;
#ifndef Q_WS_MAC
  return ((int*)(&Q_WS_MAC))[argc];
#else
  (void)argc;
  return 0;
#endif
}

