The system is: Linux - 3.16.3-1-ARCH - x86_64
Compiling the C compiler identification source file "CMakeCCompilerId.c" succeeded.
Compiler: /usr/bin/gcc 
Build flags: 
Id flags: 

The output was:
0


Compilation of the C compiler identification source "CMakeCCompilerId.c" produced "a.out"

The C compiler identification is GNU, found in "/home/ms/NetBeansProjects/grive/CMakeFiles/3.0.2/CompilerIdC/a.out"

Compiling the CXX compiler identification source file "CMakeCXXCompilerId.cpp" succeeded.
Compiler: /usr/bin/g++ 
Build flags: 
Id flags: 

The output was:
0


Compilation of the CXX compiler identification source "CMakeCXXCompilerId.cpp" produced "a.out"

The CXX compiler identification is GNU, found in "/home/ms/NetBeansProjects/grive/CMakeFiles/3.0.2/CompilerIdCXX/a.out"

Determining if the C compiler works passed with the following output:
Change Dir: /home/ms/NetBeansProjects/grive/CMakeFiles/CMakeTmp

Run Build Command:"/usr/bin/make" "cmTryCompileExec1848504707/fast"
/usr/bin/make -f CMakeFiles/cmTryCompileExec1848504707.dir/build.make CMakeFiles/cmTryCompileExec1848504707.dir/build
make[1]: вход в каталог «/home/ms/NetBeansProjects/grive/CMakeFiles/CMakeTmp»
/usr/bin/cmake -E cmake_progress_report /home/ms/NetBeansProjects/grive/CMakeFiles/CMakeTmp/CMakeFiles 1
Building C object CMakeFiles/cmTryCompileExec1848504707.dir/testCCompiler.c.o
/usr/bin/gcc    -o CMakeFiles/cmTryCompileExec1848504707.dir/testCCompiler.c.o   -c /home/ms/NetBeansProjects/grive/CMakeFiles/CMakeTmp/testCCompiler.c
Linking C executable cmTryCompileExec1848504707
/usr/bin/cmake -E cmake_link_script CMakeFiles/cmTryCompileExec1848504707.dir/link.txt --verbose=1
/usr/bin/gcc       CMakeFiles/cmTryCompileExec1848504707.dir/testCCompiler.c.o  -o cmTryCompileExec1848504707 -rdynamic 
make[1]: выход из каталога «/home/ms/NetBeansProjects/grive/CMakeFiles/CMakeTmp»


Detecting C compiler ABI info compiled with the following output:
Change Dir: /home/ms/NetBeansProjects/grive/CMakeFiles/CMakeTmp

Run Build Command:"/usr/bin/make" "cmTryCompileExec1255727701/fast"
/usr/bin/make -f CMakeFiles/cmTryCompileExec1255727701.dir/build.make CMakeFiles/cmTryCompileExec1255727701.dir/build
make[1]: вход в каталог «/home/ms/NetBeansProjects/grive/CMakeFiles/CMakeTmp»
/usr/bin/cmake -E cmake_progress_report /home/ms/NetBeansProjects/grive/CMakeFiles/CMakeTmp/CMakeFiles 1
Building C object CMakeFiles/cmTryCompileExec1255727701.dir/CMakeCCompilerABI.c.o
/usr/bin/gcc    -o CMakeFiles/cmTryCompileExec1255727701.dir/CMakeCCompilerABI.c.o   -c /usr/share/cmake-3.0/Modules/CMakeCCompilerABI.c
Linking C executable cmTryCompileExec1255727701
/usr/bin/cmake -E cmake_link_script CMakeFiles/cmTryCompileExec1255727701.dir/link.txt --verbose=1
/usr/bin/gcc     -v CMakeFiles/cmTryCompileExec1255727701.dir/CMakeCCompilerABI.c.o  -o cmTryCompileExec1255727701 -rdynamic  
Используются внутренние спецификации.
COLLECT_GCC=/usr/bin/gcc
COLLECT_LTO_WRAPPER=/usr/lib/gcc/x86_64-unknown-linux-gnu/4.9.1/lto-wrapper
Целевая архитектура: x86_64-unknown-linux-gnu
Параметры конфигурации: /build/gcc/src/gcc-4.9-20140903/configure --prefix=/usr --libdir=/usr/lib --libexecdir=/usr/lib --mandir=/usr/share/man --infodir=/usr/share/info --with-bugurl=https://bugs.archlinux.org/ --enable-languages=c,c++,ada,fortran,go,lto,objc,obj-c++ --enable-shared --enable-threads=posix --with-system-zlib --enable-__cxa_atexit --disable-libunwind-exceptions --enable-clocale=gnu --disable-libstdcxx-pch --disable-libssp --enable-gnu-unique-object --enable-linker-build-id --enable-cloog-backend=isl --disable-isl-version-check --disable-cloog-version-check --enable-lto --enable-plugin --enable-install-libiberty --with-linker-hash-style=gnu --disable-multilib --disable-werror --enable-checking=release
Модель многопоточности: posix
gcc версия 4.9.1 20140903 (prerelease) (GCC) 
COMPILER_PATH=/usr/lib/gcc/x86_64-unknown-linux-gnu/4.9.1/:/usr/lib/gcc/x86_64-unknown-linux-gnu/4.9.1/:/usr/lib/gcc/x86_64-unknown-linux-gnu/:/usr/lib/gcc/x86_64-unknown-linux-gnu/4.9.1/:/usr/lib/gcc/x86_64-unknown-linux-gnu/
LIBRARY_PATH=/usr/lib/gcc/x86_64-unknown-linux-gnu/4.9.1/:/usr/lib/gcc/x86_64-unknown-linux-gnu/4.9.1/../../../../lib/:/lib/../lib/:/usr/lib/../lib/:/usr/lib/gcc/x86_64-unknown-linux-gnu/4.9.1/../../../:/lib/:/usr/lib/
COLLECT_GCC_OPTIONS='-v' '-o' 'cmTryCompileExec1255727701' '-rdynamic' '-mtune=generic' '-march=x86-64'
 /usr/lib/gcc/x86_64-unknown-linux-gnu/4.9.1/collect2 -plugin /usr/lib/gcc/x86_64-unknown-linux-gnu/4.9.1/liblto_plugin.so -plugin-opt=/usr/lib/gcc/x86_64-unknown-linux-gnu/4.9.1/lto-wrapper -plugin-opt=-fresolution=/tmp/ccPy07Bf.res -plugin-opt=-pass-through=-lgcc -plugin-opt=-pass-through=-lgcc_s -plugin-opt=-pass-through=-lc -plugin-opt=-pass-through=-lgcc -plugin-opt=-pass-through=-lgcc_s --build-id --eh-frame-hdr --hash-style=gnu -m elf_x86_64 -export-dynamic -dynamic-linker /lib64/ld-linux-x86-64.so.2 -o cmTryCompileExec1255727701 /usr/lib/gcc/x86_64-unknown-linux-gnu/4.9.1/../../../../lib/crt1.o /usr/lib/gcc/x86_64-unknown-linux-gnu/4.9.1/../../../../lib/crti.o /usr/lib/gcc/x86_64-unknown-linux-gnu/4.9.1/crtbegin.o -L/usr/lib/gcc/x86_64-unknown-linux-gnu/4.9.1 -L/usr/lib/gcc/x86_64-unknown-linux-gnu/4.9.1/../../../../lib -L/lib/../lib -L/usr/lib/../lib -L/usr/lib/gcc/x86_64-unknown-linux-gnu/4.9.1/../../.. CMakeFiles/cmTryCompileExec1255727701.dir/CMakeCCompilerABI.c.o -lgcc --as-needed -lgcc_s --no-as-needed -lc -lgcc --as-needed -lgcc_s --no-as-needed /usr/lib/gcc/x86_64-unknown-linux-gnu/4.9.1/crtend.o /usr/lib/gcc/x86_64-unknown-linux-gnu/4.9.1/../../../../lib/crtn.o
make[1]: выход из каталога «/home/ms/NetBeansProjects/grive/CMakeFiles/CMakeTmp»


Parsed C implicit link information from above output:
  link line regex: [^( *|.*[/\])(ld|([^/\]+-)?ld|collect2)[^/\]*( |$)]
  ignore line: [Change Dir: /home/ms/NetBeansProjects/grive/CMakeFiles/CMakeTmp]
  ignore line: []
  ignore line: [Run Build Command:"/usr/bin/make" "cmTryCompileExec1255727701/fast"]
  ignore line: [/usr/bin/make -f CMakeFiles/cmTryCompileExec1255727701.dir/build.make CMakeFiles/cmTryCompileExec1255727701.dir/build]
  ignore line: [make[1]: вход в каталог «/home/ms/NetBeansProjects/grive/CMakeFiles/CMakeTmp»]
  ignore line: [/usr/bin/cmake -E cmake_progress_report /home/ms/NetBeansProjects/grive/CMakeFiles/CMakeTmp/CMakeFiles 1]
  ignore line: [Building C object CMakeFiles/cmTryCompileExec1255727701.dir/CMakeCCompilerABI.c.o]
  ignore line: [/usr/bin/gcc    -o CMakeFiles/cmTryCompileExec1255727701.dir/CMakeCCompilerABI.c.o   -c /usr/share/cmake-3.0/Modules/CMakeCCompilerABI.c]
  ignore line: [Linking C executable cmTryCompileExec1255727701]
  ignore line: [/usr/bin/cmake -E cmake_link_script CMakeFiles/cmTryCompileExec1255727701.dir/link.txt --verbose=1]
  ignore line: [/usr/bin/gcc     -v CMakeFiles/cmTryCompileExec1255727701.dir/CMakeCCompilerABI.c.o  -o cmTryCompileExec1255727701 -rdynamic  ]
  ignore line: [Используются внутренние спецификации.]
  ignore line: [COLLECT_GCC=/usr/bin/gcc]
  ignore line: [COLLECT_LTO_WRAPPER=/usr/lib/gcc/x86_64-unknown-linux-gnu/4.9.1/lto-wrapper]
  ignore line: [Целевая архитектура: x86_64-unknown-linux-gnu]
  ignore line: [Параметры конфигурации: /build/gcc/src/gcc-4.9-20140903/configure --prefix=/usr --libdir=/usr/lib --libexecdir=/usr/lib --mandir=/usr/share/man --infodir=/usr/share/info --with-bugurl=https://bugs.archlinux.org/ --enable-languages=c,c++,ada,fortran,go,lto,objc,obj-c++ --enable-shared --enable-threads=posix --with-system-zlib --enable-__cxa_atexit --disable-libunwind-exceptions --enable-clocale=gnu --disable-libstdcxx-pch --disable-libssp --enable-gnu-unique-object --enable-linker-build-id --enable-cloog-backend=isl --disable-isl-version-check --disable-cloog-version-check --enable-lto --enable-plugin --enable-install-libiberty --with-linker-hash-style=gnu --disable-multilib --disable-werror --enable-checking=release]
  ignore line: [Модель многопоточности: posix]
  ignore line: [gcc версия 4.9.1 20140903 (prerelease) (GCC) ]
  ignore line: [COMPILER_PATH=/usr/lib/gcc/x86_64-unknown-linux-gnu/4.9.1/:/usr/lib/gcc/x86_64-unknown-linux-gnu/4.9.1/:/usr/lib/gcc/x86_64-unknown-linux-gnu/:/usr/lib/gcc/x86_64-unknown-linux-gnu/4.9.1/:/usr/lib/gcc/x86_64-unknown-linux-gnu/]
  ignore line: [LIBRARY_PATH=/usr/lib/gcc/x86_64-unknown-linux-gnu/4.9.1/:/usr/lib/gcc/x86_64-unknown-linux-gnu/4.9.1/../../../../lib/:/lib/../lib/:/usr/lib/../lib/:/usr/lib/gcc/x86_64-unknown-linux-gnu/4.9.1/../../../:/lib/:/usr/lib/]
  ignore line: [COLLECT_GCC_OPTIONS='-v' '-o' 'cmTryCompileExec1255727701' '-rdynamic' '-mtune=generic' '-march=x86-64']
  link line: [ /usr/lib/gcc/x86_64-unknown-linux-gnu/4.9.1/collect2 -plugin /usr/lib/gcc/x86_64-unknown-linux-gnu/4.9.1/liblto_plugin.so -plugin-opt=/usr/lib/gcc/x86_64-unknown-linux-gnu/4.9.1/lto-wrapper -plugin-opt=-fresolution=/tmp/ccPy07Bf.res -plugin-opt=-pass-through=-lgcc -plugin-opt=-pass-through=-lgcc_s -plugin-opt=-pass-through=-lc -plugin-opt=-pass-through=-lgcc -plugin-opt=-pass-through=-lgcc_s --build-id --eh-frame-hdr --hash-style=gnu -m elf_x86_64 -export-dynamic -dynamic-linker /lib64/ld-linux-x86-64.so.2 -o cmTryCompileExec1255727701 /usr/lib/gcc/x86_64-unknown-linux-gnu/4.9.1/../../../../lib/crt1.o /usr/lib/gcc/x86_64-unknown-linux-gnu/4.9.1/../../../../lib/crti.o /usr/lib/gcc/x86_64-unknown-linux-gnu/4.9.1/crtbegin.o -L/usr/lib/gcc/x86_64-unknown-linux-gnu/4.9.1 -L/usr/lib/gcc/x86_64-unknown-linux-gnu/4.9.1/../../../../lib -L/lib/../lib -L/usr/lib/../lib -L/usr/lib/gcc/x86_64-unknown-linux-gnu/4.9.1/../../.. CMakeFiles/cmTryCompileExec1255727701.dir/CMakeCCompilerABI.c.o -lgcc --as-needed -lgcc_s --no-as-needed -lc -lgcc --as-needed -lgcc_s --no-as-needed /usr/lib/gcc/x86_64-unknown-linux-gnu/4.9.1/crtend.o /usr/lib/gcc/x86_64-unknown-linux-gnu/4.9.1/../../../../lib/crtn.o]
    arg [/usr/lib/gcc/x86_64-unknown-linux-gnu/4.9.1/collect2] ==> ignore
    arg [-plugin] ==> ignore
    arg [/usr/lib/gcc/x86_64-unknown-linux-gnu/4.9.1/liblto_plugin.so] ==> ignore
    arg [-plugin-opt=/usr/lib/gcc/x86_64-unknown-linux-gnu/4.9.1/lto-wrapper] ==> ignore
    arg [-plugin-opt=-fresolution=/tmp/ccPy07Bf.res] ==> ignore
    arg [-plugin-opt=-pass-through=-lgcc] ==> ignore
    arg [-plugin-opt=-pass-through=-lgcc_s] ==> ignore
    arg [-plugin-opt=-pass-through=-lc] ==> ignore
    arg [-plugin-opt=-pass-through=-lgcc] ==> ignore
    arg [-plugin-opt=-pass-through=-lgcc_s] ==> ignore
    arg [--build-id] ==> ignore
    arg [--eh-frame-hdr] ==> ignore
    arg [--hash-style=gnu] ==> ignore
    arg [-m] ==> ignore
    arg [elf_x86_64] ==> ignore
    arg [-export-dynamic] ==> ignore
    arg [-dynamic-linker] ==> ignore
    arg [/lib64/ld-linux-x86-64.so.2] ==> ignore
    arg [-o] ==> ignore
    arg [cmTryCompileExec1255727701] ==> ignore
    arg [/usr/lib/gcc/x86_64-unknown-linux-gnu/4.9.1/../../../../lib/crt1.o] ==> ignore
    arg [/usr/lib/gcc/x86_64-unknown-linux-gnu/4.9.1/../../../../lib/crti.o] ==> ignore
    arg [/usr/lib/gcc/x86_64-unknown-linux-gnu/4.9.1/crtbegin.o] ==> ignore
    arg [-L/usr/lib/gcc/x86_64-unknown-linux-gnu/4.9.1] ==> dir [/usr/lib/gcc/x86_64-unknown-linux-gnu/4.9.1]
    arg [-L/usr/lib/gcc/x86_64-unknown-linux-gnu/4.9.1/../../../../lib] ==> dir [/usr/lib/gcc/x86_64-unknown-linux-gnu/4.9.1/../../../../lib]
    arg [-L/lib/../lib] ==> dir [/lib/../lib]
    arg [-L/usr/lib/../lib] ==> dir [/usr/lib/../lib]
    arg [-L/usr/lib/gcc/x86_64-unknown-linux-gnu/4.9.1/../../..] ==> dir [/usr/lib/gcc/x86_64-unknown-linux-gnu/4.9.1/../../..]
    arg [CMakeFiles/cmTryCompileExec1255727701.dir/CMakeCCompilerABI.c.o] ==> ignore
    arg [-lgcc] ==> lib [gcc]
    arg [--as-needed] ==> ignore
    arg [-lgcc_s] ==> lib [gcc_s]
    arg [--no-as-needed] ==> ignore
    arg [-lc] ==> lib [c]
    arg [-lgcc] ==> lib [gcc]
    arg [--as-needed] ==> ignore
    arg [-lgcc_s] ==> lib [gcc_s]
    arg [--no-as-needed] ==> ignore
    arg [/usr/lib/gcc/x86_64-unknown-linux-gnu/4.9.1/crtend.o] ==> ignore
    arg [/usr/lib/gcc/x86_64-unknown-linux-gnu/4.9.1/../../../../lib/crtn.o] ==> ignore
  remove lib [gcc]
  remove lib [gcc_s]
  remove lib [gcc]
  remove lib [gcc_s]
  collapse library dir [/usr/lib/gcc/x86_64-unknown-linux-gnu/4.9.1] ==> [/usr/lib/gcc/x86_64-unknown-linux-gnu/4.9.1]
  collapse library dir [/usr/lib/gcc/x86_64-unknown-linux-gnu/4.9.1/../../../../lib] ==> [/usr/lib]
  collapse library dir [/lib/../lib] ==> [/lib]
  collapse library dir [/usr/lib/../lib] ==> [/usr/lib]
  collapse library dir [/usr/lib/gcc/x86_64-unknown-linux-gnu/4.9.1/../../..] ==> [/usr/lib]
  implicit libs: [c]
  implicit dirs: [/usr/lib/gcc/x86_64-unknown-linux-gnu/4.9.1;/usr/lib;/lib]
  implicit fwks: []


Determining if the CXX compiler works passed with the following output:
Change Dir: /home/ms/NetBeansProjects/grive/CMakeFiles/CMakeTmp

Run Build Command:"/usr/bin/make" "cmTryCompileExec3211975307/fast"
/usr/bin/make -f CMakeFiles/cmTryCompileExec3211975307.dir/build.make CMakeFiles/cmTryCompileExec3211975307.dir/build
make[1]: вход в каталог «/home/ms/NetBeansProjects/grive/CMakeFiles/CMakeTmp»
/usr/bin/cmake -E cmake_progress_report /home/ms/NetBeansProjects/grive/CMakeFiles/CMakeTmp/CMakeFiles 1
Building CXX object CMakeFiles/cmTryCompileExec3211975307.dir/testCXXCompiler.cxx.o
/usr/bin/g++     -o CMakeFiles/cmTryCompileExec3211975307.dir/testCXXCompiler.cxx.o -c /home/ms/NetBeansProjects/grive/CMakeFiles/CMakeTmp/testCXXCompiler.cxx
Linking CXX executable cmTryCompileExec3211975307
/usr/bin/cmake -E cmake_link_script CMakeFiles/cmTryCompileExec3211975307.dir/link.txt --verbose=1
/usr/bin/g++        CMakeFiles/cmTryCompileExec3211975307.dir/testCXXCompiler.cxx.o  -o cmTryCompileExec3211975307 -rdynamic 
make[1]: выход из каталога «/home/ms/NetBeansProjects/grive/CMakeFiles/CMakeTmp»


Detecting CXX compiler ABI info compiled with the following output:
Change Dir: /home/ms/NetBeansProjects/grive/CMakeFiles/CMakeTmp

Run Build Command:"/usr/bin/make" "cmTryCompileExec4068106104/fast"
/usr/bin/make -f CMakeFiles/cmTryCompileExec4068106104.dir/build.make CMakeFiles/cmTryCompileExec4068106104.dir/build
make[1]: вход в каталог «/home/ms/NetBeansProjects/grive/CMakeFiles/CMakeTmp»
/usr/bin/cmake -E cmake_progress_report /home/ms/NetBeansProjects/grive/CMakeFiles/CMakeTmp/CMakeFiles 1
Building CXX object CMakeFiles/cmTryCompileExec4068106104.dir/CMakeCXXCompilerABI.cpp.o
/usr/bin/g++     -o CMakeFiles/cmTryCompileExec4068106104.dir/CMakeCXXCompilerABI.cpp.o -c /usr/share/cmake-3.0/Modules/CMakeCXXCompilerABI.cpp
Linking CXX executable cmTryCompileExec4068106104
/usr/bin/cmake -E cmake_link_script CMakeFiles/cmTryCompileExec4068106104.dir/link.txt --verbose=1
/usr/bin/g++      -v CMakeFiles/cmTryCompileExec4068106104.dir/CMakeCXXCompilerABI.cpp.o  -o cmTryCompileExec4068106104 -rdynamic  
Используются внутренние спецификации.
COLLECT_GCC=/usr/bin/g++
COLLECT_LTO_WRAPPER=/usr/lib/gcc/x86_64-unknown-linux-gnu/4.9.1/lto-wrapper
Целевая архитектура: x86_64-unknown-linux-gnu
Параметры конфигурации: /build/gcc/src/gcc-4.9-20140903/configure --prefix=/usr --libdir=/usr/lib --libexecdir=/usr/lib --mandir=/usr/share/man --infodir=/usr/share/info --with-bugurl=https://bugs.archlinux.org/ --enable-languages=c,c++,ada,fortran,go,lto,objc,obj-c++ --enable-shared --enable-threads=posix --with-system-zlib --enable-__cxa_atexit --disable-libunwind-exceptions --enable-clocale=gnu --disable-libstdcxx-pch --disable-libssp --enable-gnu-unique-object --enable-linker-build-id --enable-cloog-backend=isl --disable-isl-version-check --disable-cloog-version-check --enable-lto --enable-plugin --enable-install-libiberty --with-linker-hash-style=gnu --disable-multilib --disable-werror --enable-checking=release
Модель многопоточности: posix
gcc версия 4.9.1 20140903 (prerelease) (GCC) 
COMPILER_PATH=/usr/lib/gcc/x86_64-unknown-linux-gnu/4.9.1/:/usr/lib/gcc/x86_64-unknown-linux-gnu/4.9.1/:/usr/lib/gcc/x86_64-unknown-linux-gnu/:/usr/lib/gcc/x86_64-unknown-linux-gnu/4.9.1/:/usr/lib/gcc/x86_64-unknown-linux-gnu/
LIBRARY_PATH=/usr/lib/gcc/x86_64-unknown-linux-gnu/4.9.1/:/usr/lib/gcc/x86_64-unknown-linux-gnu/4.9.1/../../../../lib/:/lib/../lib/:/usr/lib/../lib/:/usr/lib/gcc/x86_64-unknown-linux-gnu/4.9.1/../../../:/lib/:/usr/lib/
COLLECT_GCC_OPTIONS='-v' '-o' 'cmTryCompileExec4068106104' '-rdynamic' '-shared-libgcc' '-mtune=generic' '-march=x86-64'
 /usr/lib/gcc/x86_64-unknown-linux-gnu/4.9.1/collect2 -plugin /usr/lib/gcc/x86_64-unknown-linux-gnu/4.9.1/liblto_plugin.so -plugin-opt=/usr/lib/gcc/x86_64-unknown-linux-gnu/4.9.1/lto-wrapper -plugin-opt=-fresolution=/tmp/ccDautlM.res -plugin-opt=-pass-through=-lgcc_s -plugin-opt=-pass-through=-lgcc -plugin-opt=-pass-through=-lc -plugin-opt=-pass-through=-lgcc_s -plugin-opt=-pass-through=-lgcc --build-id --eh-frame-hdr --hash-style=gnu -m elf_x86_64 -export-dynamic -dynamic-linker /lib64/ld-linux-x86-64.so.2 -o cmTryCompileExec4068106104 /usr/lib/gcc/x86_64-unknown-linux-gnu/4.9.1/../../../../lib/crt1.o /usr/lib/gcc/x86_64-unknown-linux-gnu/4.9.1/../../../../lib/crti.o /usr/lib/gcc/x86_64-unknown-linux-gnu/4.9.1/crtbegin.o -L/usr/lib/gcc/x86_64-unknown-linux-gnu/4.9.1 -L/usr/lib/gcc/x86_64-unknown-linux-gnu/4.9.1/../../../../lib -L/lib/../lib -L/usr/lib/../lib -L/usr/lib/gcc/x86_64-unknown-linux-gnu/4.9.1/../../.. CMakeFiles/cmTryCompileExec4068106104.dir/CMakeCXXCompilerABI.cpp.o -lstdc++ -lm -lgcc_s -lgcc -lc -lgcc_s -lgcc /usr/lib/gcc/x86_64-unknown-linux-gnu/4.9.1/crtend.o /usr/lib/gcc/x86_64-unknown-linux-gnu/4.9.1/../../../../lib/crtn.o
make[1]: выход из каталога «/home/ms/NetBeansProjects/grive/CMakeFiles/CMakeTmp»


Parsed CXX implicit link information from above output:
  link line regex: [^( *|.*[/\])(ld|([^/\]+-)?ld|collect2)[^/\]*( |$)]
  ignore line: [Change Dir: /home/ms/NetBeansProjects/grive/CMakeFiles/CMakeTmp]
  ignore line: []
  ignore line: [Run Build Command:"/usr/bin/make" "cmTryCompileExec4068106104/fast"]
  ignore line: [/usr/bin/make -f CMakeFiles/cmTryCompileExec4068106104.dir/build.make CMakeFiles/cmTryCompileExec4068106104.dir/build]
  ignore line: [make[1]: вход в каталог «/home/ms/NetBeansProjects/grive/CMakeFiles/CMakeTmp»]
  ignore line: [/usr/bin/cmake -E cmake_progress_report /home/ms/NetBeansProjects/grive/CMakeFiles/CMakeTmp/CMakeFiles 1]
  ignore line: [Building CXX object CMakeFiles/cmTryCompileExec4068106104.dir/CMakeCXXCompilerABI.cpp.o]
  ignore line: [/usr/bin/g++     -o CMakeFiles/cmTryCompileExec4068106104.dir/CMakeCXXCompilerABI.cpp.o -c /usr/share/cmake-3.0/Modules/CMakeCXXCompilerABI.cpp]
  ignore line: [Linking CXX executable cmTryCompileExec4068106104]
  ignore line: [/usr/bin/cmake -E cmake_link_script CMakeFiles/cmTryCompileExec4068106104.dir/link.txt --verbose=1]
  ignore line: [/usr/bin/g++      -v CMakeFiles/cmTryCompileExec4068106104.dir/CMakeCXXCompilerABI.cpp.o  -o cmTryCompileExec4068106104 -rdynamic  ]
  ignore line: [Используются внутренние спецификации.]
  ignore line: [COLLECT_GCC=/usr/bin/g++]
  ignore line: [COLLECT_LTO_WRAPPER=/usr/lib/gcc/x86_64-unknown-linux-gnu/4.9.1/lto-wrapper]
  ignore line: [Целевая архитектура: x86_64-unknown-linux-gnu]
  ignore line: [Параметры конфигурации: /build/gcc/src/gcc-4.9-20140903/configure --prefix=/usr --libdir=/usr/lib --libexecdir=/usr/lib --mandir=/usr/share/man --infodir=/usr/share/info --with-bugurl=https://bugs.archlinux.org/ --enable-languages=c,c++,ada,fortran,go,lto,objc,obj-c++ --enable-shared --enable-threads=posix --with-system-zlib --enable-__cxa_atexit --disable-libunwind-exceptions --enable-clocale=gnu --disable-libstdcxx-pch --disable-libssp --enable-gnu-unique-object --enable-linker-build-id --enable-cloog-backend=isl --disable-isl-version-check --disable-cloog-version-check --enable-lto --enable-plugin --enable-install-libiberty --with-linker-hash-style=gnu --disable-multilib --disable-werror --enable-checking=release]
  ignore line: [Модель многопоточности: posix]
  ignore line: [gcc версия 4.9.1 20140903 (prerelease) (GCC) ]
  ignore line: [COMPILER_PATH=/usr/lib/gcc/x86_64-unknown-linux-gnu/4.9.1/:/usr/lib/gcc/x86_64-unknown-linux-gnu/4.9.1/:/usr/lib/gcc/x86_64-unknown-linux-gnu/:/usr/lib/gcc/x86_64-unknown-linux-gnu/4.9.1/:/usr/lib/gcc/x86_64-unknown-linux-gnu/]
  ignore line: [LIBRARY_PATH=/usr/lib/gcc/x86_64-unknown-linux-gnu/4.9.1/:/usr/lib/gcc/x86_64-unknown-linux-gnu/4.9.1/../../../../lib/:/lib/../lib/:/usr/lib/../lib/:/usr/lib/gcc/x86_64-unknown-linux-gnu/4.9.1/../../../:/lib/:/usr/lib/]
  ignore line: [COLLECT_GCC_OPTIONS='-v' '-o' 'cmTryCompileExec4068106104' '-rdynamic' '-shared-libgcc' '-mtune=generic' '-march=x86-64']
  link line: [ /usr/lib/gcc/x86_64-unknown-linux-gnu/4.9.1/collect2 -plugin /usr/lib/gcc/x86_64-unknown-linux-gnu/4.9.1/liblto_plugin.so -plugin-opt=/usr/lib/gcc/x86_64-unknown-linux-gnu/4.9.1/lto-wrapper -plugin-opt=-fresolution=/tmp/ccDautlM.res -plugin-opt=-pass-through=-lgcc_s -plugin-opt=-pass-through=-lgcc -plugin-opt=-pass-through=-lc -plugin-opt=-pass-through=-lgcc_s -plugin-opt=-pass-through=-lgcc --build-id --eh-frame-hdr --hash-style=gnu -m elf_x86_64 -export-dynamic -dynamic-linker /lib64/ld-linux-x86-64.so.2 -o cmTryCompileExec4068106104 /usr/lib/gcc/x86_64-unknown-linux-gnu/4.9.1/../../../../lib/crt1.o /usr/lib/gcc/x86_64-unknown-linux-gnu/4.9.1/../../../../lib/crti.o /usr/lib/gcc/x86_64-unknown-linux-gnu/4.9.1/crtbegin.o -L/usr/lib/gcc/x86_64-unknown-linux-gnu/4.9.1 -L/usr/lib/gcc/x86_64-unknown-linux-gnu/4.9.1/../../../../lib -L/lib/../lib -L/usr/lib/../lib -L/usr/lib/gcc/x86_64-unknown-linux-gnu/4.9.1/../../.. CMakeFiles/cmTryCompileExec4068106104.dir/CMakeCXXCompilerABI.cpp.o -lstdc++ -lm -lgcc_s -lgcc -lc -lgcc_s -lgcc /usr/lib/gcc/x86_64-unknown-linux-gnu/4.9.1/crtend.o /usr/lib/gcc/x86_64-unknown-linux-gnu/4.9.1/../../../../lib/crtn.o]
    arg [/usr/lib/gcc/x86_64-unknown-linux-gnu/4.9.1/collect2] ==> ignore
    arg [-plugin] ==> ignore
    arg [/usr/lib/gcc/x86_64-unknown-linux-gnu/4.9.1/liblto_plugin.so] ==> ignore
    arg [-plugin-opt=/usr/lib/gcc/x86_64-unknown-linux-gnu/4.9.1/lto-wrapper] ==> ignore
    arg [-plugin-opt=-fresolution=/tmp/ccDautlM.res] ==> ignore
    arg [-plugin-opt=-pass-through=-lgcc_s] ==> ignore
    arg [-plugin-opt=-pass-through=-lgcc] ==> ignore
    arg [-plugin-opt=-pass-through=-lc] ==> ignore
    arg [-plugin-opt=-pass-through=-lgcc_s] ==> ignore
    arg [-plugin-opt=-pass-through=-lgcc] ==> ignore
    arg [--build-id] ==> ignore
    arg [--eh-frame-hdr] ==> ignore
    arg [--hash-style=gnu] ==> ignore
    arg [-m] ==> ignore
    arg [elf_x86_64] ==> ignore
    arg [-export-dynamic] ==> ignore
    arg [-dynamic-linker] ==> ignore
    arg [/lib64/ld-linux-x86-64.so.2] ==> ignore
    arg [-o] ==> ignore
    arg [cmTryCompileExec4068106104] ==> ignore
    arg [/usr/lib/gcc/x86_64-unknown-linux-gnu/4.9.1/../../../../lib/crt1.o] ==> ignore
    arg [/usr/lib/gcc/x86_64-unknown-linux-gnu/4.9.1/../../../../lib/crti.o] ==> ignore
    arg [/usr/lib/gcc/x86_64-unknown-linux-gnu/4.9.1/crtbegin.o] ==> ignore
    arg [-L/usr/lib/gcc/x86_64-unknown-linux-gnu/4.9.1] ==> dir [/usr/lib/gcc/x86_64-unknown-linux-gnu/4.9.1]
    arg [-L/usr/lib/gcc/x86_64-unknown-linux-gnu/4.9.1/../../../../lib] ==> dir [/usr/lib/gcc/x86_64-unknown-linux-gnu/4.9.1/../../../../lib]
    arg [-L/lib/../lib] ==> dir [/lib/../lib]
    arg [-L/usr/lib/../lib] ==> dir [/usr/lib/../lib]
    arg [-L/usr/lib/gcc/x86_64-unknown-linux-gnu/4.9.1/../../..] ==> dir [/usr/lib/gcc/x86_64-unknown-linux-gnu/4.9.1/../../..]
    arg [CMakeFiles/cmTryCompileExec4068106104.dir/CMakeCXXCompilerABI.cpp.o] ==> ignore
    arg [-lstdc++] ==> lib [stdc++]
    arg [-lm] ==> lib [m]
    arg [-lgcc_s] ==> lib [gcc_s]
    arg [-lgcc] ==> lib [gcc]
    arg [-lc] ==> lib [c]
    arg [-lgcc_s] ==> lib [gcc_s]
    arg [-lgcc] ==> lib [gcc]
    arg [/usr/lib/gcc/x86_64-unknown-linux-gnu/4.9.1/crtend.o] ==> ignore
    arg [/usr/lib/gcc/x86_64-unknown-linux-gnu/4.9.1/../../../../lib/crtn.o] ==> ignore
  remove lib [gcc_s]
  remove lib [gcc]
  remove lib [gcc_s]
  remove lib [gcc]
  collapse library dir [/usr/lib/gcc/x86_64-unknown-linux-gnu/4.9.1] ==> [/usr/lib/gcc/x86_64-unknown-linux-gnu/4.9.1]
  collapse library dir [/usr/lib/gcc/x86_64-unknown-linux-gnu/4.9.1/../../../../lib] ==> [/usr/lib]
  collapse library dir [/lib/../lib] ==> [/lib]
  collapse library dir [/usr/lib/../lib] ==> [/usr/lib]
  collapse library dir [/usr/lib/gcc/x86_64-unknown-linux-gnu/4.9.1/../../..] ==> [/usr/lib]
  implicit libs: [stdc++;m;c]
  implicit dirs: [/usr/lib/gcc/x86_64-unknown-linux-gnu/4.9.1;/usr/lib;/lib]
  implicit fwks: []


Determining if the Q_WS_X11 exist passed with the following output:
Change Dir: /home/ms/NetBeansProjects/grive/CMakeFiles/CMakeTmp

Run Build Command:"/usr/bin/make" "cmTryCompileExec3323630171/fast"
/usr/bin/make -f CMakeFiles/cmTryCompileExec3323630171.dir/build.make CMakeFiles/cmTryCompileExec3323630171.dir/build
make[1]: вход в каталог «/home/ms/NetBeansProjects/grive/CMakeFiles/CMakeTmp»
/usr/bin/cmake -E cmake_progress_report /home/ms/NetBeansProjects/grive/CMakeFiles/CMakeTmp/CMakeFiles 1
Building CXX object CMakeFiles/cmTryCompileExec3323630171.dir/CheckSymbolExists.cxx.o
/usr/bin/g++    -I/usr/include/qt4    -o CMakeFiles/cmTryCompileExec3323630171.dir/CheckSymbolExists.cxx.o -c /home/ms/NetBeansProjects/grive/CMakeFiles/CMakeTmp/CheckSymbolExists.cxx
Linking CXX executable cmTryCompileExec3323630171
/usr/bin/cmake -E cmake_link_script CMakeFiles/cmTryCompileExec3323630171.dir/link.txt --verbose=1
/usr/bin/g++        CMakeFiles/cmTryCompileExec3323630171.dir/CheckSymbolExists.cxx.o  -o cmTryCompileExec3323630171 -rdynamic 
make[1]: выход из каталога «/home/ms/NetBeansProjects/grive/CMakeFiles/CMakeTmp»

File /home/ms/NetBeansProjects/grive/CMakeFiles/CMakeTmp/CheckSymbolExists.cxx:
/* */
#include <QtCore/qglobal.h>

int main(int argc, char** argv)
{
  (void)argv;
#ifndef Q_WS_X11
  return ((int*)(&Q_WS_X11))[argc];
#else
  (void)argc;
  return 0;
#endif
}

